<?xml version="1.0" encoding="UTF-8"?>
<testng-results total="4" passed="3" failed="1" skipped="0">
  <reporter-output>
  </reporter-output>
  <suite started-at="2022-03-27T23:49:37Z" name="Default suite" finished-at="2022-03-27T23:50:41Z" duration-ms="64385">
    <groups>
    </groups>
    <test started-at="2022-03-27T23:49:37Z" name="Default test" finished-at="2022-03-27T23:50:41Z" duration-ms="64385">
      <class name="com.test.selenium.webPageAssert">
        <test-method signature="checkTitleOfPage()[pri:1, instance:com.test.selenium.webPageAssert@50305a]" started-at="2022-03-28T01:49:37Z" name="checkTitleOfPage" finished-at="2022-03-28T01:49:42Z" duration-ms="4668" status="PASS">
          <reporter-output>
          </reporter-output>
        </test-method> <!-- checkTitleOfPage -->
        <test-method signature="checkThemeTitleOfPage()[pri:2, instance:com.test.selenium.webPageAssert@50305a]" started-at="2022-03-28T01:49:42Z" name="checkThemeTitleOfPage" finished-at="2022-03-28T01:49:42Z" duration-ms="37" status="PASS">
          <reporter-output>
          </reporter-output>
        </test-method> <!-- checkThemeTitleOfPage -->
        <test-method signature="checkifLinksHaveValues()[pri:3, instance:com.test.selenium.webPageAssert@50305a]" started-at="2022-03-28T01:49:42Z" name="checkifLinksHaveValues" finished-at="2022-03-28T01:49:55Z" duration-ms="13183" status="PASS">
          <reporter-output>
          </reporter-output>
        </test-method> <!-- checkifLinksHaveValues -->
        <test-method signature="checkifLinksAreBroken()[pri:4, instance:com.test.selenium.webPageAssert@50305a]" started-at="2022-03-28T01:49:55Z" name="checkifLinksAreBroken" finished-at="2022-03-28T01:50:41Z" duration-ms="46476" status="FAIL">
          <exception class="java.lang.AssertionError">
            <message>
              <![CDATA[expected [true] but found [false]]]>
            </message>
            <full-stacktrace>
              <![CDATA[java.lang.AssertionError: expected [true] but found [false]
	at org.testng.Assert.fail(Assert.java:94)
	at org.testng.Assert.failNotEquals(Assert.java:496)
	at org.testng.Assert.assertEquals(Assert.java:125)
	at org.testng.Assert.assertEquals(Assert.java:288)
	at org.testng.Assert.assertEquals(Assert.java:298)
	at com.test.selenium.webPageAssert.checkifLinksAreBroken(webPageAssert.java:100)
	at java.base/jdk.internal.reflect.NativeMethodAccessorImpl.invoke0(Native Method)
	at java.base/jdk.internal.reflect.NativeMethodAccessorImpl.invoke(NativeMethodAccessorImpl.java:77)
	at java.base/jdk.internal.reflect.DelegatingMethodAccessorImpl.invoke(DelegatingMethodAccessorImpl.java:43)
	at java.base/java.lang.reflect.Method.invoke(Method.java:568)
	at org.testng.internal.MethodInvocationHelper.invokeMethod(MethodInvocationHelper.java:85)
	at org.testng.internal.Invoker.invokeMethod(Invoker.java:639)
	at org.testng.internal.Invoker.invokeTestMethod(Invoker.java:816)
	at org.testng.internal.Invoker.invokeTestMethods(Invoker.java:1124)
	at org.testng.internal.TestMethodWorker.invokeTestMethods(TestMethodWorker.java:125)
	at org.testng.internal.TestMethodWorker.run(TestMethodWorker.java:108)
	at org.testng.TestRunner.privateRun(TestRunner.java:774)
	at org.testng.TestRunner.run(TestRunner.java:624)
	at org.testng.SuiteRunner.runTest(SuiteRunner.java:359)
	at org.testng.SuiteRunner.runSequentially(SuiteRunner.java:354)
	at org.testng.SuiteRunner.privateRun(SuiteRunner.java:312)
	at org.testng.SuiteRunner.run(SuiteRunner.java:261)
	at org.testng.SuiteRunnerWorker.runSuite(SuiteRunnerWorker.java:52)
	at org.testng.SuiteRunnerWorker.run(SuiteRunnerWorker.java:86)
	at org.testng.TestNG.runSuitesSequentially(TestNG.java:1215)
	at org.testng.TestNG.runSuitesLocally(TestNG.java:1140)
	at org.testng.TestNG.run(TestNG.java:1048)
	at org.testng.remote.AbstractRemoteTestNG.run(AbstractRemoteTestNG.java:115)
	at org.testng.remote.RemoteTestNG.initAndRun(RemoteTestNG.java:251)
	at org.testng.remote.RemoteTestNG.main(RemoteTestNG.java:77)
]]>
            </full-stacktrace>
          </exception> <!-- java.lang.AssertionError -->
          <reporter-output>
          </reporter-output>
        </test-method> <!-- checkifLinksAreBroken -->
      </class> <!-- com.test.selenium.webPageAssert -->
    </test> <!-- Default test -->
  </suite> <!-- Default suite -->
</testng-results>
